<?xml version="1.0" encoding="UTF-8"?>
<!-- Generated by org.testng.reporters.JUnitReportReporter -->
<testsuite hostname="DESKTOP-OJK1NBL" failures="0" tests="1" name="project1.CodePush" time="0.004" errors="0" timestamp="2021-08-19T12:42:41 IST" skipped="0">
  <testcase classname="project1.CodePush" name="push" time="0.004"/>
  <system-out/>
</testsuite> <!-- project1.CodePush -->
